<?xml version="1.0" encoding="UTF-8"?>
<!-- Generated by org.testng.reporters.JUnitXMLReporter -->
<testsuite hostname="MacBook-Pro.local" ignored="0" name="Test" tests="3" failures="0" timestamp="17 Jun 2019 18:27:14 GMT" time="35.173" errors="0">
  <testcase name="feature" time="21.496" classname="Runner.DefaultRunner"/>
  <testcase name="feature" time="27.922" classname="Runner.DefaultRunner"/>
  <testcase name="feature" time="34.955" classname="Runner.DefaultRunner"/>
</testsuite> <!-- Test -->
